[
    "aosimeng.jd.com", 
    "babamia.jd.com", 
    "ailend.jd.com", 
    "zgb.m.jd.com", 
    "baiqian.jd.com", 
    "now.jd.com", 
    "bacalan.jd.com", 
    "alikes.jd.com", 
    "86lipin.jd.com", 
    "7-poove.jd.com", 
    "dbd.jd.com", 
    "angelsounds.jd.com", 
    "aibeisi.jd.com", 
    "c-en.jd.com", 
    "rec.ql.jd.com", 
    "24-7gear.jd.com", 
    "32a0book.jd.com", 
    "777threeseven.jd.com", 
    "365.dvd.7000.comwww.jd.com", 
    "aoyouku.jd.com", 
    "360opi.jd.com", 
    "angelyeast.jd.com", 
    "51kxs.jd.com", 
    "520mickey.jd.com", 
    "annwa.jd.com", 
    "88886.jd.com", 
    "3m.jd.com", 
    "8.jd.com", 
    "3mppe.jd.com", 
    "adidas88.jd.com", 
    "ainavi.jd.com", 
    "51ebei.jd.com", 
    "nong.jd.com", 
    "agcatton.jd.com", 
    "ashidandun.jd.com", 
    "aihuapai.jd.com", 
    "acera.jd.com", 
    "xinpin.jd.com", 
    "aigjeep.jd.com", 
    "aoduo.jd.com", 
    "aosite.jd.com", 
    "acosound.jd.com", 
    "88505.jd.com", 
    "ak.jd.com", 
    "aosidingbao.jd.com", 
    "appengine.jd.com", 
    "aqchina.jd.com", 
    "ajiajiaju.jd.com", 
    "fw.jd.com", 
    "atffmt.jd.com", 
    "aolier.jd.com", 
    "acase.jd.com", 
    "13926455177.jd.com", 
    "58118.jd.com", 
    "antuchepin.jd.com", 
    "baijina.jd.com", 
    "aspire.jd.com", 
    "anmum.jd.com", 
    "badidian.jd.com", 
    "aphro.jd.com", 
    "alkalgs.jd.com", 
    "31tea.jd.com", 
    "chaoshi.jd.com", 
    "517lppz.jd.com", 
    "aichean.jd.com", 
    "77777.jd.com", 
    "1111111.jd.com", 
    "36524.jd.com", 
    "artskin.jd.com", 
    "arena.jd.com", 
    "adiorz.jd.com", 
    "2012.jd.com", 
    "999optical.jd.com", 
    "10d7mall.jd.com", 
    "360buyarrow.jd.com", 
    "anjmy.jd.com", 
    "baieku.jd.com", 
    "baijiade.jd.com", 
    "aojina.jd.com", 
    "anmeichi.jd.com", 
    "baiguxiang.jd.com", 
    "try-fresh.jd.com", 
    "aog.jd.com", 
    "babylabi.jd.com", 
    "51eshop.jd.com", 
    "baicaowei.jd.com", 
    "adtpl.jd.com", 
    "adivon.jd.com", 
    "asashopping.jd.com", 
    "a4tech.jd.com", 
    "360mzb.jd.com", 
    "anjiaing.jd.com", 
    "ambassador.jd.com", 
    "jshop.jd.com", 
    "adhys.jd.com", 
    "7cv33.jd.com", 
    "angelcitiz.jd.com", 
    "baidln.jd.com", 
    "aitushu.jd.com", 
    "aixiangshang.jd.com", 
    "api.ocp.jd.com", 
    "atopi.jd.com", 
    "annamu.jd.com", 
    "mstone-api.jd.com", 
    "360kad.jd.com", 
    "car.jd.com", 
    "backbag.jd.com", 
    "jzt.jd.com", 
    "americanstandard.jd.com", 
    "ahfuguang.jd.com", 
    "baifenai.jd.com", 
    "aodeao.jd.com", 
    "andon.jd.com", 
    "angeluo.jd.com", 
    "az.jd.com", 
    "aquerstoner.jd.com", 
    "asus-pc.jd.com", 
    "am2013.jd.com", 
    "ift-en.jd.com", 
    "aikanwuzaojiao.jd.com", 
    "aizhigu.jd.com", 
    "360smart.jd.com", 
    "arbbit58.jd.com", 
    "asdyf.jd.com", 
    "aigesen.jd.com", 
    "aixizhubao.jd.com", 
    "asdawj.jd.com", 
    "52plover.jd.com", 
    "3wyuan.jd.com", 
    "361sport.jd.com", 
    "ipromo.jd.com", 
    "aland.jd.com", 
    "b40item.jd.com", 
    "appblog.jd.com", 
    "365sleep.jd.com", 
    "51buy.jd.com", 
    "aotin.jd.com", 
    "aeolus.jd.com", 
    "badina.jd.com", 
    "5luxshop.jd.com", 
    "akmds.jd.com", 
    "anmaijiu.jd.com", 
    "aibao.jd.com", 
    "agatha.jd.com", 
    "acen.jd.com", 
    "aotu.jd.com", 
    "c-cn.jd.com", 
    "alcazar.jd.com", 
    "aigesi.jd.com", 
    "108time.jd.com", 
    "ybsc.jd.com", 
    "aussino.jd.com", 
    "anyiyuan.jd.com", 
    "0518lyg.jd.com", 
    "bainian.jd.com", 
    "arrowtils.jd.com", 
    "angelbaking.jd.com", 
    "autolighting.jd.com", 
    "asus-link.jd.com", 
    "51783.jd.com", 
    "aonousi.jd.com", 
    "amiionly.jd.com", 
    "antabh.jd.com", 
    "channel.jd.com", 
    "akhzp.jd.com", 
    "361tl.jd.com", 
    "yq.jd.com", 
    "babysleeping.jd.com", 
    "antajysb.jd.com", 
    "aitao.jd.com", 
    "8photo.jd.com", 
    "devsmart.jd.com", 
    "361dusport.jd.com", 
    "4pmall.jd.com", 
    "alanber.jd.com", 
    "anu360.jd.com", 
    "aoxika.jd.com", 
    "baina.jd.com", 
    "item.jd.com", 
    "wl.jd.com", 
    "aigelianjia.jd.com", 
    "babycaremy.jd.com", 
    "21c0mall.jd.com", 
    "cscssl.jd.com", 
    "arsul.jd.com", 
    "antszone.jd.com", 
    "7gege.jd.com", 
    "7septwolves.jd.com", 
    "yingxiang.jd.com", 
    "audio.jd.com", 
    "afontane.jd.com", 
    "123321.jd.com", 
    "ahtop.jd.com", 
    "actionfox.jd.com", 
    "5460www.jd.com", 
    "aovvo.jd.com", 
    "auction.jd.com", 
    "shop.jd.com", 
    "anqijiaomu.jd.com", 
    "2www.jd.com", 
    "adidas.jd.com", 
    "anmaijiuhongjiu.jd.com", 
    "adoodoo.jd.com", 
    "aiveesy.jd.com", 
    "anjubao.jd.com", 
    "autorank.jd.com", 
    "babiesrus.jd.com", 
    "abckids.jd.com", 
    "open.jimi.jd.com", 
    "action.jd.com", 
    "aqqtoys.jd.com", 
    "anyingbao.jd.com", 
    "aoshi.jd.com", 
    "what.jd.com", 
    "asobio.jd.com", 
    "annil.jd.com", 
    "ausbond.jd.com", 
    "51mrbig.jd.com", 
    "aodishuangzuan.jd.com", 
    "aokang.jd.com", 
    "jr.jd.com", 
    "assue.jd.com", 
    "ansgo.jd.com", 
    "aiwabeidi.jd.com", 
    "en.jd.com", 
    "c.360buy.jd.com", 
    "union.click.jd.com", 
    "aggle.jd.com", 
    "aibaby.jd.com", 
    "allinyif.jd.com", 
    "78snow.jd.com", 
    "91pets.jd.com", 
    "anxinmama.jd.com", 
    "oap.jimi.jd.com", 
    "aubywanju.jd.com", 
    "aolai2014.jd.com", 
    "aishangmei.jd.com", 
    "aixinbeier.jd.com", 
    "austtbaby.jd.com", 
    "alicarr.jd.com", 
    "16888.jd.com", 
    "aleyna.jd.com", 
    "dweb.jd.com", 
    "amery.jd.com", 
    "bafully.jd.com", 
    "apple.jd.com", 
    "aoni-anc.jd.com", 
    "aoyou.jd.com", 
    "arsaneer.jd.com", 
    "rec1.ql.jd.com", 
    "aipusafe.jd.com", 
    "aphnodi.jd.com", 
    "authcode.jd.com", 
    "aoxuegu.jd.com", 
    "antakids.jd.com", 
    "aikerl.jd.com", 
    "an1go.jd.com", 
    "3mhome.jd.com", 
    "aiweier.jd.com", 
    "aishule.jd.com", 
    "abcde.jd.com", 
    "antakuayu.jd.com", 
    "amll-cartelo.jd.com", 
    "aikanwu.jd.com", 
    "888888.jd.com", 
    "aishangbill.jd.com", 
    "au2xu.jd.com", 
    "aikeweien.jd.com", 
    "amhxy.jd.com", 
    "aiyoo.jd.com", 
    "aishida.jd.com", 
    "818929.jd.com", 
    "360yipin.jd.com", 
    "ababy.jd.com", 
    "aigson.jd.com", 
    "antaaf.jd.com", 
    "baililaorenyuen.jd.com", 
    "anta.jd.com", 
    "aminfengganrou.jd.com", 
    "a21fs.jd.com", 
    "9haodian.jd.com", 
    "12580wine.jd.com", 
    "astrotec.jd.com", 
    "360yx.jd.com", 
    "23men.jd.com", 
    "aerlang.jd.com", 
    "aperts.jd.com", 
    "9colors.jd.com", 
    "antpo.jd.com", 
    "jimi.jd.com", 
    "b40caipiao.jd.com", 
    "insstatic.jd.com", 
    "aroma.jd.com", 
    "anggi.jd.com", 
    "bailetang.jd.com", 
    "b.jd.com", 
    "edm.jd.com", 
    "aoolif.jd.com", 
    "bailiya.jd.com", 
    "3colour.jd.com", 
    "9seyd.jd.com", 
    "amucca.jd.com", 
    "amzhb.jd.com", 
    "agsdon.jd.com", 
    "aolai.jd.com", 
    "aigochina.jd.com", 
    "23456.jd.com", 
    "gb.jd.com", 
    "aimei.jd.com", 
    "abbxx.jd.com", 
    "antard.jd.com", 
    "51hua.jd.com", 
    "annies.jd.com", 
    "a1smartkids.jd.com", 
    "amovo.jd.com", 
    "a.jd.com", 
    "bailile.jd.com", 
    "baihua.jd.com", 
    "annaichi.jd.com", 
    "insmetest.jd.com", 
    "aodishuangzuanwj.jd.com", 
    "badengmoping.jd.com", 
    "99999.jd.com", 
    "vip.jr.jd.com", 
    "ampnetconnect.jd.com", 
    "9yuejiu.jd.com", 
    "artso.jd.com", 
    "payrisk.jd.com", 
    "aidrani.jd.com", 
    "aigefeini.jd.com", 
    "361tz.jd.com", 
    "anhua.jd.com", 
    "100fen.jd.com", 
    "4006663975.jd.com", 
    "mos.jd.com", 
    "3mchina.jd.com", 
    "5201314.jd.com", 
    "badese.jd.com", 
    "anxika.jd.com", 
    "acesc.jd.com", 
    "61sss.jd.com", 
    "5a00www.jd.com", 
    "aidiaoyu.jd.com", 
    "afs2.shop.jd.com", 
    "shechi.jd.com", 
    "51nike.jd.com", 
    "union-click.jd.com", 
    "aiyoushang.jd.com", 
    "361aoshi.jd.com", 
    "10001.jd.com", 
    "7caihua.jd.com", 
    "ajiar.jd.com", 
    "747box.jd.com", 
    "ameshoes.jd.com", 
    "babybbz.jd.com", 
    "aimier-sz.jd.com", 
    "ananjinchun.jd.com", 
    "361yc.jd.com", 
    "11888.jd.com", 
    "aidarling.jd.com", 
    "198812.jd.com", 
    "smart.jd.com", 
    "baijunjue.jd.com", 
    "baibaobao.jd.com", 
    "airtex.jd.com", 
    "bainianhutu.jd.com", 
    "aiyouwei.jd.com", 
    "anboa.jd.com", 
    "mobile.jd.com", 
    "addnice.jd.com", 
    "anshis.jd.com", 
    "aircome.jd.com", 
    "airland.jd.com", 
    "opswx.jd.com", 
    "95005.jd.com", 
    "axyzg.jd.com", 
    "3dgold.jd.com", 
    "aaafishing.jd.com", 
    "ascshop.jd.com", 
    "adidas360.jd.com", 
    "cooking.jd.com", 
    "2.jd.com", 
    "amico.jd.com", 
    "anboly.jd.com", 
    "54321.jd.com", 
    "agusitine.jd.com", 
    "188jiu.jd.com", 
    "babysing.jd.com", 
    "anqingshan.jd.com", 
    "babytrend-qx.jd.com", 
    "amumu.jd.com", 
    "1111.jd.com", 
    "asdcj.jd.com", 
    "360huili.jd.com", 
    "arrow.jd.com", 
    "c.en.jd.com", 
    "sale.jd.com", 
    "adibo.jd.com", 
    "360buy.jd.com", 
    "361du.jd.com", 
    "ayhpnk.jd.com", 
    "aixianting.jd.com", 
    "361jfc.jd.com", 
    "aite-sport.jd.com", 
    "app.jd.com", 
    "1c20club.jd.com", 
    "bacardi.jd.com", 
    "aishanyi.jd.com", 
    "baiji.jd.com", 
    "ainakids.jd.com", 
    "arikes.jd.com", 
    "7nows.jd.com", 
    "insme.jd.com", 
    "22222.jd.com", 
    "aduo1.jd.com", 
    "b2bedi.jd.com", 
    "a02azona.jd.com", 
    "asics.jd.com", 
    "bainiaosink.jd.com", 
    "adidaskids.jd.com", 
    "ababab.jd.com", 
    "51xinai.jd.com", 
    "insstatest.jd.com", 
    "asaoutlets.jd.com", 
    "aosidan.jd.com", 
    "amcamel.jd.com", 
    "audljf.jd.com", 
    "allsun.jd.com", 
    "bailunte.jd.com", 
    "aiduks.jd.com", 
    "babaxiang.jd.com", 
    "ocp.jd.com", 
    "36588.jd.com", 
    "03-mg.jd.com", 
    "angeldear.jd.com", 
    "aoqimeilt.jd.com", 
    "aierma.jd.com", 
    "aquatwo.jd.com", 
    "you.jd.com", 
    "azagogo.jd.com", 
    "dd-search.jd.com", 
    "3840www.jd.com", 
    "baide.jd.com", 
    "arlisa.jd.com", 
    "aimer.jd.com", 
    "618.jd.com", 
    "aiken.jd.com", 
    "baby.jd.com", 
    "sz.jd.com", 
    "alimengzhicheng.jd.com", 
    "bailigj.jd.com", 
    "z.jd.com", 
    "anbeier.jd.com", 
    "ailiti.jd.com", 
    "1680item.jd.com", 
    "alunxuan.jd.com", 
    "group.jd.com", 
    "aiqinggongyu.jd.com", 
    "bailing360.jd.com", 
    "7cv55.jd.com", 
    "allpowers.jd.com", 
    "baipai.jd.com", 
    "16blocks.jd.com", 
    "babytree.jd.com", 
    "baililaoren.jd.com", 
    "1208s.jd.com", 
    "ajr-qtth.jd.com", 
    "baihe.jd.com", 
    "3mdianqi.jd.com", 
    "antasx.jd.com", 
    "antadd.jd.com", 
    "anzhixing.jd.com", 
    "antaad.jd.com", 
    "anhui.jd.com", 
    "alora.jd.com", 
    "kuwan.jd.com", 
    "agluo.jd.com", 
    "100doraemon.jd.com", 
    "aiyingdao.jd.com", 
    "apache.jd.com", 
    "andostore.jd.com", 
    "akg.jd.com", 
    "visa.jd.com", 
    "anglee.jd.com", 
    "12315.jd.com", 
    "7cv99.jd.com", 
    "audio-technica.jd.com", 
    "51999.jd.com", 
    "antcity.jd.com", 
    "antatzbh.jd.com", 
    "2ne1vip.jd.com", 
    "angelbaby.jd.com", 
    "aigebasha.jd.com", 
    "asus.jd.com", 
    "58tuangou.jd.com", 
    "360avic.jd.com", 
    "airuijia.jd.com", 
    "aihemei.jd.com", 
    "baiao.jd.com", 
    "ann360.jd.com", 
    "adidas-lbyd.jd.com", 
    "5a0book.jd.com", 
    "accy.jd.com", 
    "www.jd.com", 
    "baicaoyuan.jd.com", 
    "3songshu.jd.com", 
    "ru.jd.com", 
    "3de0www.jd.com", 
    "artka.jd.com", 
    "autongzhuang.jd.com", 
    "babybio.jd.com", 
    "afuvip.jd.com", 
    "100yue.jd.com", 
    "aopaiaxi.jd.com", 
    "aoxun.jd.com", 
    "ir.jd.com", 
    "m.car.jd.com", 
    "ansu-zmd.jd.com", 
    "arctos.jd.com", 
    "alisidunreshuiqi.jd.com", 
    "b2cf8ook.jd.com", 
    "2d00jipiao.jd.com", 
    "aimilian.jd.com", 
    "aq168.jd.com", 
    "aishidachuju.jd.com", 
    "acorn.jd.com", 
    "66666666.jd.com", 
    "aizhechayu.jd.com", 
    "aisikai.jd.com", 
    "ailisite.jd.com", 
    "aigeer.jd.com", 
    "aijiajia.jd.com", 
    "aibeile.jd.com", 
    "atomic.jd.com", 
    "acer-pc.jd.com", 
    "aimanwu.jd.com", 
    "airdow.jd.com", 
    "aozzo.jd.com", 
    "amrqjd.jd.com", 
    "list.jd.com", 
    "all.jd.com", 
    "523861.jd.com", 
    "18888.jd.com", 
    "aoking.jd.com", 
    "ashley.jd.com", 
    "nlp.jimi.jd.com", 
    "ak888.jd.com", 
    "acanu.jd.com", 
    "7cv88.jd.com", 
    "arenahc.jd.com", 
    "3298club.jd.com", 
    "anlite.jd.com", 
    "aosmith.jd.com", 
    "wt.jd.com", 
    "bactim.jd.com", 
    "aruies.jd.com", 
    "azzor.jd.com", 
    "babyloona.jd.com", 
    "babisil.jd.com", 
    "bage1986.jd.com", 
    "baidada.jd.com", 
    "aideyouhuo-neiyizhishi.jd.com", 
    "aifusi.jd.com", 
    "st-en.jd.com", 
    "baibaoyuan.jd.com", 
    "astop.jd.com", 
    "annyshare.jd.com", 
    "ailideng.jd.com", 
    "auxtun.jd.com", 
    "arrow-sh.jd.com", 
    "3515qrnx.jd.com", 
    "ayilian.jd.com", 
    "aidefusi.jd.com", 
    "adidasi.jd.com"
]